<?xml version="1.0" encoding="UTF-8"?>
<testsuite xmlns:xsi="http://www.w3.org/2001/XMLSchema-instance" xsi:noNamespaceSchemaLocation="https://maven.apache.org/surefire/maven-surefire-plugin/xsd/surefire-test-report-3.0.xsd" version="3.0" name="TestSuite" time="72.507" tests="3" errors="0" skipped="0" failures="3">
  <properties>
[...]
</properties>
  <testcase name="LoginAndCheckOutUsingDirectBankTransfer" classname="org.selenium.pom.tests.MyFirstTestCase" time="38.251">
    <failure message="stale element reference: element is not attached to the page document&#10;  (Session info: chrome=93.0.4577.82)&#10;For documentation on this error, please visit: https://www.seleniumhq.org/exceptions/stale_element_reference.html&#10;Build info: version: &apos;3.141.59&apos;, revision: &apos;e82be7d358&apos;, time: &apos;2018-11-14T08:17:03&apos;&#10;System info: host: &apos;VENKATASAI&apos;, ip: &apos;192.168.0.183&apos;, os.name: &apos;Windows 10&apos;, os.arch: &apos;x86&apos;, os.version: &apos;10.0&apos;, java.version: &apos;11.0.12&apos;&#10;Driver info: org.openqa.selenium.chrome.ChromeDriver&#10;Capabilities {acceptInsecureCerts: false, browserName: chrome, browserVersion: 93.0.4577.82, chrome: {chromedriverVersion: 93.0.4577.63 (ff5c0da2ec0ad..., userDataDir: C:\Users\VENKAT~1\AppData\L...}, goog:chromeOptions: {debuggerAddress: localhost:63997}, javascriptEnabled: true, networkConnectionEnabled: false, pageLoadStrategy: normal, platform: WINDOWS, platformName: WINDOWS, proxy: Proxy(), setWindowRect: true, strictFileInteractability: false, timeouts: {implicit: 0, pageLoad: 300000, script: 30000}, unhandledPromptBehavior: dismiss and notify, webauthn:extension:credBlob: true, webauthn:extension:largeBlob: true, webauthn:virtualAuthenticators: true}&#10;Session ID: 823eb8cb089668b9ad3fa44b7020fd3e" type="org.openqa.selenium.StaleElementReferenceException"><![CDATA[org.openqa.selenium.StaleElementReferenceException: 
stale element reference: element is not attached to the page document
  (Session info: chrome=93.0.4577.82)
For documentation on this error, please visit: https://www.seleniumhq.org/exceptions/stale_element_reference.html
Build info: version: '3.141.59', revision: 'e82be7d358', time: '2018-11-14T08:17:03'
System info: host: 'VENKATASAI', ip: '192.168.0.183', os.name: 'Windows 10', os.arch: 'x86', os.version: '10.0', java.version: '11.0.12'
Driver info: org.openqa.selenium.chrome.ChromeDriver
Capabilities {acceptInsecureCerts: false, browserName: chrome, browserVersion: 93.0.4577.82, chrome: {chromedriverVersion: 93.0.4577.63 (ff5c0da2ec0ad..., userDataDir: C:\Users\VENKAT~1\AppData\L...}, goog:chromeOptions: {debuggerAddress: localhost:63997}, javascriptEnabled: true, networkConnectionEnabled: false, pageLoadStrategy: normal, platform: WINDOWS, platformName: WINDOWS, proxy: Proxy(), setWindowRect: true, strictFileInteractability: false, timeouts: {implicit: 0, pageLoad: 300000, script: 30000}, unhandledPromptBehavior: dismiss and notify, webauthn:extension:credBlob: true, webauthn:extension:largeBlob: true, webauthn:virtualAuthenticators: true}
Session ID: 823eb8cb089668b9ad3fa44b7020fd3e
	at org.selenium.pom.tests.MyFirstTestCase.LoginAndCheckOutUsingDirectBankTransfer(MyFirstTestCase.java:95)
]]></failure>
    <system-err><![CDATA[SLF4J: Failed to load class "org.slf4j.impl.StaticLoggerBinder".
SLF4J: Defaulting to no-operation (NOP) logger implementation
SLF4J: See http://www.slf4j.org/codes.html#StaticLoggerBinder for further details.
Starting ChromeDriver 93.0.4577.63 (ff5c0da2ec0adeaed5550e6c7e98417dac77d98a-refs/branch-heads/4577@{#1135}) on port 36858
Only local connections are allowed.
Please see https://chromedriver.chromium.org/security-considerations for suggestions on keeping ChromeDriver safe.
ChromeDriver was started successfully.
Starting ChromeDriver 93.0.4577.63 (ff5c0da2ec0adeaed5550e6c7e98417dac77d98a-refs/branch-heads/4577@{#1135}) on port 20262
Only local connections are allowed.
Please see https://chromedriver.chromium.org/security-considerations for suggestions on keeping ChromeDriver safe.
ChromeDriver was started successfully.
Sep 18, 2021 8:19:31 PM org.openqa.selenium.remote.ProtocolHandshake createSession
INFO: Detected dialect: W3C
Sep 18, 2021 8:19:36 PM org.openqa.selenium.remote.ProtocolHandshake createSession
INFO: Detected dialect: W3C
]]></system-err>
  </testcase>
  <testcase name="guestCheckOutUsingDirectBankTransfer" classname="org.selenium.pom.tests.MyFirstTestCase" time="39.923">
    <failure message="invalid session id&#10;Build info: version: &apos;3.141.59&apos;, revision: &apos;e82be7d358&apos;, time: &apos;2018-11-14T08:17:03&apos;&#10;System info: host: &apos;VENKATASAI&apos;, ip: &apos;192.168.0.183&apos;, os.name: &apos;Windows 10&apos;, os.arch: &apos;x86&apos;, os.version: &apos;10.0&apos;, java.version: &apos;11.0.12&apos;&#10;Driver info: org.openqa.selenium.chrome.ChromeDriver&#10;Capabilities {acceptInsecureCerts: false, browserName: chrome, browserVersion: 93.0.4577.82, chrome: {chromedriverVersion: 93.0.4577.63 (ff5c0da2ec0ad..., userDataDir: C:\Users\VENKAT~1\AppData\L...}, goog:chromeOptions: {debuggerAddress: localhost:63997}, javascriptEnabled: true, networkConnectionEnabled: false, pageLoadStrategy: normal, platform: WINDOWS, platformName: WINDOWS, proxy: Proxy(), setWindowRect: true, strictFileInteractability: false, timeouts: {implicit: 0, pageLoad: 300000, script: 30000}, unhandledPromptBehavior: dismiss and notify, webauthn:extension:credBlob: true, webauthn:extension:largeBlob: true, webauthn:virtualAuthenticators: true}&#10;Session ID: 823eb8cb089668b9ad3fa44b7020fd3e&#10;*** Element info: {Using=css selector, value=button[value=&apos;Search&apos;]}" type="org.openqa.selenium.NoSuchSessionException"><![CDATA[org.openqa.selenium.NoSuchSessionException: 
invalid session id
Build info: version: '3.141.59', revision: 'e82be7d358', time: '2018-11-14T08:17:03'
System info: host: 'VENKATASAI', ip: '192.168.0.183', os.name: 'Windows 10', os.arch: 'x86', os.version: '10.0', java.version: '11.0.12'
Driver info: org.openqa.selenium.chrome.ChromeDriver
Capabilities {acceptInsecureCerts: false, browserName: chrome, browserVersion: 93.0.4577.82, chrome: {chromedriverVersion: 93.0.4577.63 (ff5c0da2ec0ad..., userDataDir: C:\Users\VENKAT~1\AppData\L...}, goog:chromeOptions: {debuggerAddress: localhost:63997}, javascriptEnabled: true, networkConnectionEnabled: false, pageLoadStrategy: normal, platform: WINDOWS, platformName: WINDOWS, proxy: Proxy(), setWindowRect: true, strictFileInteractability: false, timeouts: {implicit: 0, pageLoad: 300000, script: 30000}, unhandledPromptBehavior: dismiss and notify, webauthn:extension:credBlob: true, webauthn:extension:largeBlob: true, webauthn:virtualAuthenticators: true}
Session ID: 823eb8cb089668b9ad3fa44b7020fd3e
*** Element info: {Using=css selector, value=button[value='Search']}
	at org.selenium.pom.tests.MyFirstTestCase.guestCheckOutUsingDirectBankTransfer(MyFirstTestCase.java:43)
]]></failure>
  </testcase>
  <testcase name="quitDriver" classname="org.selenium.pom.tests.MyFirstTestCase" time="44.002">
    <failure message="java.net.ConnectException: Failed to connect to localhost/0:0:0:0:0:0:0:1:20262&#10;Build info: version: &apos;3.141.59&apos;, revision: &apos;e82be7d358&apos;, time: &apos;2018-11-14T08:17:03&apos;&#10;System info: host: &apos;VENKATASAI&apos;, ip: &apos;192.168.0.183&apos;, os.name: &apos;Windows 10&apos;, os.arch: &apos;x86&apos;, os.version: &apos;10.0&apos;, java.version: &apos;11.0.12&apos;&#10;Driver info: driver.version: RemoteWebDriver" type="org.openqa.selenium.WebDriverException"><![CDATA[org.openqa.selenium.WebDriverException: 
java.net.ConnectException: Failed to connect to localhost/0:0:0:0:0:0:0:1:20262
Build info: version: '3.141.59', revision: 'e82be7d358', time: '2018-11-14T08:17:03'
System info: host: 'VENKATASAI', ip: '192.168.0.183', os.name: 'Windows 10', os.arch: 'x86', os.version: '10.0', java.version: '11.0.12'
Driver info: driver.version: RemoteWebDriver
Caused by: java.net.ConnectException: Failed to connect to localhost/0:0:0:0:0:0:0:1:20262
Caused by: java.net.ConnectException: Connection refused: connect
]]></failure>
  </testcase>
</testsuite>